2024-05-20T16:58:15.658+0300 [DEBUG] [org.gradle.launcher.daemon.bootstrap.DaemonMain] Assuming the daemon was started with following jvm opts: [-Xmx2048m, -Dfile.encoding=windows-1254, -Duser.country=TR, -Duser.language=tr, -Duser.variant]
2024-05-20T16:58:15.794+0300 [DEBUG] [org.gradle.internal.nativeintegration.services.NativeServices] Native-platform posix files integration is not available. Continuing with fallback.
2024-05-20T16:58:15.810+0300 [INFO] [org.gradle.launcher.daemon.server.Daemon] start() called on daemon - DefaultDaemonContext[uid=ba4473d1-8248-4f12-9932-f1933982ec81,javaHome=C:\Users\erdog\.jdks\corretto-1.8.0_412,daemonRegistryDir=C:\Users\erdog\AndroidStudioProjects\weather-app\weather-app\gradle\daemon,pid=12980,idleTimeout=10800000,priority=NORMAL,daemonOpts=-Xmx2048m,-Dfile.encoding=windows-1254,-Duser.country=TR,-Duser.language=tr,-Duser.variant]
2024-05-20T16:58:16.191+0300 [DEBUG] [org.gradle.internal.remote.internal.inet.InetAddresses] Adding IP addresses for network interface Software Loopback Interface 1
2024-05-20T16:58:16.194+0300 [DEBUG] [org.gradle.internal.remote.internal.inet.InetAddresses] Is this a loopback interface? true
2024-05-20T16:58:16.195+0300 [DEBUG] [org.gradle.internal.remote.internal.inet.InetAddresses] Adding loopback address /127.0.0.1
2024-05-20T16:58:16.195+0300 [DEBUG] [org.gradle.internal.remote.internal.inet.InetAddresses] Adding loopback address /0:0:0:0:0:0:0:1
2024-05-20T16:58:16.196+0300 [DEBUG] [org.gradle.internal.remote.internal.inet.InetAddresses] Adding IP addresses for network interface Microsoft 6to4 Adapter
2024-05-20T16:58:16.198+0300 [DEBUG] [org.gradle.internal.remote.internal.inet.InetAddresses] Is this a loopback interface? false
2024-05-20T16:58:16.199+0300 [DEBUG] [org.gradle.internal.remote.internal.inet.InetAddresses] Adding IP addresses for network interface Microsoft Wi-Fi Direct Virtual Adapter #2
2024-05-20T16:58:16.201+0300 [DEBUG] [org.gradle.internal.remote.internal.inet.InetAddresses] Is this a loopback interface? false
2024-05-20T16:58:16.201+0300 [DEBUG] [org.gradle.internal.remote.internal.inet.InetAddresses] Adding remote address /fe80:0:0:0:c5c7:9a9f:d984:21d0%wlan0
2024-05-20T16:58:16.202+0300 [DEBUG] [org.gradle.internal.remote.internal.inet.InetAddresses] Adding IP addresses for network interface WAN Miniport (IKEv2)
2024-05-20T16:58:16.204+0300 [DEBUG] [org.gradle.internal.remote.internal.inet.InetAddresses] Is this a loopback interface? false
2024-05-20T16:58:16.204+0300 [DEBUG] [org.gradle.internal.remote.internal.inet.InetAddresses] Adding IP addresses for network interface Microsoft Wi-Fi Direct Virtual Adapter
2024-05-20T16:58:16.206+0300 [DEBUG] [org.gradle.internal.remote.internal.inet.InetAddresses] Is this a loopback interface? false
2024-05-20T16:58:16.207+0300 [DEBUG] [org.gradle.internal.remote.internal.inet.InetAddresses] Adding remote address /fe80:0:0:0:62e9:76f0:7b16:89ee%wlan1
2024-05-20T16:58:16.207+0300 [DEBUG] [org.gradle.internal.remote.internal.inet.InetAddresses] Adding IP addresses for network interface Microsoft IP-HTTPS Platform Adapter
2024-05-20T16:58:16.209+0300 [DEBUG] [org.gradle.internal.remote.internal.inet.InetAddresses] Is this a loopback interface? false
2024-05-20T16:58:16.210+0300 [DEBUG] [org.gradle.internal.remote.internal.inet.InetAddresses] Adding IP addresses for network interface WAN Miniport (PPPOE)
2024-05-20T16:58:16.212+0300 [DEBUG] [org.gradle.internal.remote.internal.inet.InetAddresses] Is this a loopback interface? false
2024-05-20T16:58:16.212+0300 [DEBUG] [org.gradle.internal.remote.internal.inet.InetAddresses] Adding IP addresses for network interface Microsoft Teredo Tunneling Adapter
2024-05-20T16:58:16.214+0300 [DEBUG] [org.gradle.internal.remote.internal.inet.InetAddresses] Is this a loopback interface? false
2024-05-20T16:58:16.215+0300 [DEBUG] [org.gradle.internal.remote.internal.inet.InetAddresses] Adding IP addresses for network interface Bluetooth Device (Personal Area Network)
2024-05-20T16:58:16.217+0300 [DEBUG] [org.gradle.internal.remote.internal.inet.InetAddresses] Is this a loopback interface? false
2024-05-20T16:58:16.217+0300 [DEBUG] [org.gradle.internal.remote.internal.inet.InetAddresses] Adding remote address /fe80:0:0:0:6bf7:e543:8c90:3a73%eth0
2024-05-20T16:58:16.218+0300 [DEBUG] [org.gradle.internal.remote.internal.inet.InetAddresses] Adding IP addresses for network interface WAN Miniport (PPTP)
2024-05-20T16:58:16.220+0300 [DEBUG] [org.gradle.internal.remote.internal.inet.InetAddresses] Is this a loopback interface? false
2024-05-20T16:58:16.220+0300 [DEBUG] [org.gradle.internal.remote.internal.inet.InetAddresses] Adding IP addresses for network interface Microsoft Kernel Debug Network Adapter
2024-05-20T16:58:16.223+0300 [DEBUG] [org.gradle.internal.remote.internal.inet.InetAddresses] Is this a loopback interface? false
2024-05-20T16:58:16.223+0300 [DEBUG] [org.gradle.internal.remote.internal.inet.InetAddresses] Adding IP addresses for network interface WAN Miniport (L2TP)
2024-05-20T16:58:16.225+0300 [DEBUG] [org.gradle.internal.remote.internal.inet.InetAddresses] Is this a loopback interface? false
2024-05-20T16:58:16.225+0300 [DEBUG] [org.gradle.internal.remote.internal.inet.InetAddresses] Adding IP addresses for network interface WAN Miniport (Network Monitor)
2024-05-20T16:58:16.227+0300 [DEBUG] [org.gradle.internal.remote.internal.inet.InetAddresses] Is this a loopback interface? false
2024-05-20T16:58:16.228+0300 [DEBUG] [org.gradle.internal.remote.internal.inet.InetAddresses] Adding IP addresses for network interface WAN Miniport (SSTP)
2024-05-20T16:58:16.234+0300 [DEBUG] [org.gradle.internal.remote.internal.inet.InetAddresses] Is this a loopback interface? false
2024-05-20T16:58:16.234+0300 [DEBUG] [org.gradle.internal.remote.internal.inet.InetAddresses] Adding IP addresses for network interface WAN Miniport (IP)
2024-05-20T16:58:16.237+0300 [DEBUG] [org.gradle.internal.remote.internal.inet.InetAddresses] Is this a loopback interface? false
2024-05-20T16:58:16.238+0300 [DEBUG] [org.gradle.internal.remote.internal.inet.InetAddresses] Adding IP addresses for network interface Intel(R) Wi-Fi 6 AX201 160MHz
2024-05-20T16:58:16.240+0300 [DEBUG] [org.gradle.internal.remote.internal.inet.InetAddresses] Is this a loopback interface? false
2024-05-20T16:58:16.241+0300 [DEBUG] [org.gradle.internal.remote.internal.inet.InetAddresses] Adding remote address /192.168.1.32
2024-05-20T16:58:16.241+0300 [DEBUG] [org.gradle.internal.remote.internal.inet.InetAddresses] Adding remote address /fe80:0:0:0:7e70:7a0a:5770:d403%wlan2
2024-05-20T16:58:16.241+0300 [DEBUG] [org.gradle.internal.remote.internal.inet.InetAddresses] Adding IP addresses for network interface WAN Miniport (IPv6)
2024-05-20T16:58:16.244+0300 [DEBUG] [org.gradle.internal.remote.internal.inet.InetAddresses] Is this a loopback interface? false
2024-05-20T16:58:16.244+0300 [DEBUG] [org.gradle.internal.remote.internal.inet.InetAddresses] Adding IP addresses for network interface Realtek PCIe GbE Family Controller
2024-05-20T16:58:16.247+0300 [DEBUG] [org.gradle.internal.remote.internal.inet.InetAddresses] Is this a loopback interface? false
2024-05-20T16:58:16.247+0300 [DEBUG] [org.gradle.internal.remote.internal.inet.InetAddresses] Adding remote address /fe80:0:0:0:4835:835f:b517:3653%eth5
2024-05-20T16:58:16.247+0300 [DEBUG] [org.gradle.internal.remote.internal.inet.InetAddresses] Adding IP addresses for network interface Realtek PCIe GbE Family Controller-WFP Native MAC Layer LightWeight Filter-0000
2024-05-20T16:58:16.250+0300 [DEBUG] [org.gradle.internal.remote.internal.inet.InetAddresses] Is this a loopback interface? false
2024-05-20T16:58:16.250+0300 [DEBUG] [org.gradle.internal.remote.internal.inet.InetAddresses] Adding IP addresses for network interface Realtek PCIe GbE Family Controller-QoS Packet Scheduler-0000
2024-05-20T16:58:16.252+0300 [DEBUG] [org.gradle.internal.remote.internal.inet.InetAddresses] Is this a loopback interface? false
2024-05-20T16:58:16.253+0300 [DEBUG] [org.gradle.internal.remote.internal.inet.InetAddresses] Adding IP addresses for network interface Realtek PCIe GbE Family Controller-WFP 802.3 MAC Layer LightWeight Filter-0000
2024-05-20T16:58:16.255+0300 [DEBUG] [org.gradle.internal.remote.internal.inet.InetAddresses] Is this a loopback interface? false
2024-05-20T16:58:16.255+0300 [DEBUG] [org.gradle.internal.remote.internal.inet.InetAddresses] Adding IP addresses for network interface Intel(R) Wi-Fi 6 AX201 160MHz-WFP Native MAC Layer LightWeight Filter-0000
2024-05-20T16:58:16.258+0300 [DEBUG] [org.gradle.internal.remote.internal.inet.InetAddresses] Is this a loopback interface? false
2024-05-20T16:58:16.258+0300 [DEBUG] [org.gradle.internal.remote.internal.inet.InetAddresses] Adding IP addresses for network interface Intel(R) Wi-Fi 6 AX201 160MHz-Virtual WiFi Filter Driver-0000
2024-05-20T16:58:16.260+0300 [DEBUG] [org.gradle.internal.remote.internal.inet.InetAddresses] Is this a loopback interface? false
2024-05-20T16:58:16.260+0300 [DEBUG] [org.gradle.internal.remote.internal.inet.InetAddresses] Adding IP addresses for network interface Intel(R) Wi-Fi 6 AX201 160MHz-Native WiFi Filter Driver-0000
2024-05-20T16:58:16.262+0300 [DEBUG] [org.gradle.internal.remote.internal.inet.InetAddresses] Is this a loopback interface? false
2024-05-20T16:58:16.262+0300 [DEBUG] [org.gradle.internal.remote.internal.inet.InetAddresses] Adding IP addresses for network interface Intel(R) Wi-Fi 6 AX201 160MHz-QoS Packet Scheduler-0000
2024-05-20T16:58:16.264+0300 [DEBUG] [org.gradle.internal.remote.internal.inet.InetAddresses] Is this a loopback interface? false
2024-05-20T16:58:16.264+0300 [DEBUG] [org.gradle.internal.remote.internal.inet.InetAddresses] Adding IP addresses for network interface Intel(R) Wi-Fi 6 AX201 160MHz-WFP 802.3 MAC Layer LightWeight Filter-0000
2024-05-20T16:58:16.267+0300 [DEBUG] [org.gradle.internal.remote.internal.inet.InetAddresses] Is this a loopback interface? false
2024-05-20T16:58:16.267+0300 [DEBUG] [org.gradle.internal.remote.internal.inet.InetAddresses] Adding IP addresses for network interface Microsoft Wi-Fi Direct Virtual Adapter-WFP Native MAC Layer LightWeight Filter-0000
2024-05-20T16:58:16.269+0300 [DEBUG] [org.gradle.internal.remote.internal.inet.InetAddresses] Is this a loopback interface? false
2024-05-20T16:58:16.269+0300 [DEBUG] [org.gradle.internal.remote.internal.inet.InetAddresses] Adding IP addresses for network interface Microsoft Wi-Fi Direct Virtual Adapter-Native WiFi Filter Driver-0000
2024-05-20T16:58:16.271+0300 [DEBUG] [org.gradle.internal.remote.internal.inet.InetAddresses] Is this a loopback interface? false
2024-05-20T16:58:16.271+0300 [DEBUG] [org.gradle.internal.remote.internal.inet.InetAddresses] Adding IP addresses for network interface Microsoft Wi-Fi Direct Virtual Adapter-QoS Packet Scheduler-0000
2024-05-20T16:58:16.274+0300 [DEBUG] [org.gradle.internal.remote.internal.inet.InetAddresses] Is this a loopback interface? false
2024-05-20T16:58:16.274+0300 [DEBUG] [org.gradle.internal.remote.internal.inet.InetAddresses] Adding IP addresses for network interface Microsoft Wi-Fi Direct Virtual Adapter-WFP 802.3 MAC Layer LightWeight Filter-0000
2024-05-20T16:58:16.276+0300 [DEBUG] [org.gradle.internal.remote.internal.inet.InetAddresses] Is this a loopback interface? false
2024-05-20T16:58:16.276+0300 [DEBUG] [org.gradle.internal.remote.internal.inet.InetAddresses] Adding IP addresses for network interface Microsoft Wi-Fi Direct Virtual Adapter #2-WFP Native MAC Layer LightWeight Filter-0000
2024-05-20T16:58:16.278+0300 [DEBUG] [org.gradle.internal.remote.internal.inet.InetAddresses] Is this a loopback interface? false
2024-05-20T16:58:16.279+0300 [DEBUG] [org.gradle.internal.remote.internal.inet.InetAddresses] Adding IP addresses for network interface Microsoft Wi-Fi Direct Virtual Adapter #2-Native WiFi Filter Driver-0000
2024-05-20T16:58:16.281+0300 [DEBUG] [org.gradle.internal.remote.internal.inet.InetAddresses] Is this a loopback interface? false
2024-05-20T16:58:16.281+0300 [DEBUG] [org.gradle.internal.remote.internal.inet.InetAddresses] Adding IP addresses for network interface Microsoft Wi-Fi Direct Virtual Adapter #2-QoS Packet Scheduler-0000
2024-05-20T16:58:16.283+0300 [DEBUG] [org.gradle.internal.remote.internal.inet.InetAddresses] Is this a loopback interface? false
2024-05-20T16:58:16.283+0300 [DEBUG] [org.gradle.internal.remote.internal.inet.InetAddresses] Adding IP addresses for network interface Microsoft Wi-Fi Direct Virtual Adapter #2-WFP 802.3 MAC Layer LightWeight Filter-0000
2024-05-20T16:58:16.286+0300 [DEBUG] [org.gradle.internal.remote.internal.inet.InetAddresses] Is this a loopback interface? false
2024-05-20T16:58:16.286+0300 [DEBUG] [org.gradle.internal.remote.internal.inet.InetAddresses] Adding IP addresses for network interface WAN Miniport (IP)-WFP Native MAC Layer LightWeight Filter-0000
2024-05-20T16:58:16.288+0300 [DEBUG] [org.gradle.internal.remote.internal.inet.InetAddresses] Is this a loopback interface? false
2024-05-20T16:58:16.288+0300 [DEBUG] [org.gradle.internal.remote.internal.inet.InetAddresses] Adding IP addresses for network interface WAN Miniport (IP)-QoS Packet Scheduler-0000
2024-05-20T16:58:16.290+0300 [DEBUG] [org.gradle.internal.remote.internal.inet.InetAddresses] Is this a loopback interface? false
2024-05-20T16:58:16.290+0300 [DEBUG] [org.gradle.internal.remote.internal.inet.InetAddresses] Adding IP addresses for network interface WAN Miniport (IPv6)-WFP Native MAC Layer LightWeight Filter-0000
2024-05-20T16:58:16.293+0300 [DEBUG] [org.gradle.internal.remote.internal.inet.InetAddresses] Is this a loopback interface? false
2024-05-20T16:58:16.293+0300 [DEBUG] [org.gradle.internal.remote.internal.inet.InetAddresses] Adding IP addresses for network interface WAN Miniport (IPv6)-QoS Packet Scheduler-0000
2024-05-20T16:58:16.295+0300 [DEBUG] [org.gradle.internal.remote.internal.inet.InetAddresses] Is this a loopback interface? false
2024-05-20T16:58:16.295+0300 [DEBUG] [org.gradle.internal.remote.internal.inet.InetAddresses] Adding IP addresses for network interface WAN Miniport (Network Monitor)-WFP Native MAC Layer LightWeight Filter-0000
2024-05-20T16:58:16.297+0300 [DEBUG] [org.gradle.internal.remote.internal.inet.InetAddresses] Is this a loopback interface? false
2024-05-20T16:58:16.297+0300 [DEBUG] [org.gradle.internal.remote.internal.inet.InetAddresses] Adding IP addresses for network interface WAN Miniport (Network Monitor)-QoS Packet Scheduler-0000
2024-05-20T16:58:16.300+0300 [DEBUG] [org.gradle.internal.remote.internal.inet.InetAddresses] Is this a loopback interface? false
2024-05-20T16:58:16.303+0300 [DEBUG] [org.gradle.internal.remote.internal.inet.TcpIncomingConnector] Listening on [4bc3048d-fe68-46f7-b97c-4eee4c9f25f9 port:61056, addresses:[localhost/127.0.0.1]].
2024-05-20T16:58:16.308+0300 [DEBUG] [org.gradle.launcher.daemon.server.Daemon] Daemon starting at: Mon May 20 16:58:16 TRT 2024, with address: [4bc3048d-fe68-46f7-b97c-4eee4c9f25f9 port:61056, addresses:[localhost/127.0.0.1]]
2024-05-20T16:58:16.308+0300 [INFO] [org.gradle.launcher.daemon.server.DaemonRegistryUpdater] Advertising the daemon address to the clients: [4bc3048d-fe68-46f7-b97c-4eee4c9f25f9 port:61056, addresses:[localhost/127.0.0.1]]
2024-05-20T16:58:16.308+0300 [DEBUG] [org.gradle.launcher.daemon.server.DaemonRegistryUpdater] Advertised daemon context: DefaultDaemonContext[uid=ba4473d1-8248-4f12-9932-f1933982ec81,javaHome=C:\Users\erdog\.jdks\corretto-1.8.0_412,daemonRegistryDir=C:\Users\erdog\AndroidStudioProjects\weather-app\weather-app\gradle\daemon,pid=12980,idleTimeout=10800000,priority=NORMAL,daemonOpts=-Xmx2048m,-Dfile.encoding=windows-1254,-Duser.country=TR,-Duser.language=tr,-Duser.variant]
2024-05-20T16:58:16.309+0300 [DEBUG] [org.gradle.launcher.daemon.registry.PersistentDaemonRegistry] Storing daemon address: [4bc3048d-fe68-46f7-b97c-4eee4c9f25f9 port:61056, addresses:[localhost/127.0.0.1]], context: DefaultDaemonContext[uid=ba4473d1-8248-4f12-9932-f1933982ec81,javaHome=C:\Users\erdog\.jdks\corretto-1.8.0_412,daemonRegistryDir=C:\Users\erdog\AndroidStudioProjects\weather-app\weather-app\gradle\daemon,pid=12980,idleTimeout=10800000,priority=NORMAL,daemonOpts=-Xmx2048m,-Dfile.encoding=windows-1254,-Duser.country=TR,-Duser.language=tr,-Duser.variant]
2024-05-20T16:58:16.318+0300 [DEBUG] [org.gradle.cache.internal.DefaultFileLockManager] Waiting to acquire exclusive lock on daemon addresses registry.
2024-05-20T16:58:16.322+0300 [DEBUG] [org.gradle.cache.internal.DefaultFileLockManager] Lock acquired on daemon addresses registry.
2024-05-20T16:58:16.329+0300 [DEBUG] [org.gradle.cache.internal.DefaultFileLockManager] Releasing lock on daemon addresses registry.
2024-05-20T16:58:16.330+0300 [LIFECYCLE] [org.gradle.launcher.daemon.server.Daemon] Daemon server started.
2024-05-20T16:58:16.332+0300 [DEBUG] [org.gradle.launcher.daemon.bootstrap.DaemonStartupCommunication] Completed writing the daemon greeting. Closing streams...
2024-05-20T16:58:16.338+0300 [DEBUG] [org.gradle.launcher.daemon.server.Daemon] stopOnExpiration() called on daemon
2024-05-20T16:58:16.340+0300 [DEBUG] [org.gradle.launcher.daemon.server.Daemon] awaitExpiration() called on daemon
2024-05-20T16:58:16.340+0300 [DEBUG] [org.gradle.launcher.daemon.server.DaemonStateCoordinator] daemon is running. Sleeping until state changes.
2024-05-20T16:58:16.343+0300 [DEBUG] [org.gradle.internal.remote.internal.inet.TcpIncomingConnector] Accepted connection from /127.0.0.1:61057 to /127.0.0.1:61056.
2024-05-20T16:58:16.413+0300 [DEBUG] [org.gradle.launcher.daemon.server.SynchronizedDispatchConnection] thread 18: received class org.gradle.launcher.daemon.protocol.Build
2024-05-20T16:58:16.413+0300 [DEBUG] [org.gradle.launcher.daemon.server.DefaultDaemonConnection] thread 18: Received non-IO message from client: Build{id=e018f7fe-d368-4dd9-8158-c100ae806b25, currentDir=C:\Users\erdog\AndroidStudioProjects\weather-app\weather-app}
2024-05-20T16:58:16.413+0300 [INFO] [org.gradle.launcher.daemon.server.DefaultIncomingConnectionHandler] Received command: Build{id=e018f7fe-d368-4dd9-8158-c100ae806b25, currentDir=C:\Users\erdog\AndroidStudioProjects\weather-app\weather-app}.
2024-05-20T16:58:16.414+0300 [DEBUG] [org.gradle.launcher.daemon.server.DefaultIncomingConnectionHandler] Starting executing command: Build{id=e018f7fe-d368-4dd9-8158-c100ae806b25, currentDir=C:\Users\erdog\AndroidStudioProjects\weather-app\weather-app} with connection: socket connection from /127.0.0.1:61056 to /127.0.0.1:61057.
2024-05-20T16:58:16.416+0300 [DEBUG] [org.gradle.launcher.daemon.server.DaemonStateCoordinator] Command execution: started DaemonCommandExecution[command = Build{id=e018f7fe-d368-4dd9-8158-c100ae806b25, currentDir=C:\Users\erdog\AndroidStudioProjects\weather-app\weather-app}, connection = DefaultDaemonConnection: socket connection from /127.0.0.1:61056 to /127.0.0.1:61057] after 0.0 minutes of idle
2024-05-20T16:58:16.416+0300 [INFO] [org.gradle.launcher.daemon.server.DaemonRegistryUpdater] Marking the daemon as busy, address: [4bc3048d-fe68-46f7-b97c-4eee4c9f25f9 port:61056, addresses:[localhost/127.0.0.1]]
2024-05-20T16:58:16.416+0300 [DEBUG] [org.gradle.launcher.daemon.registry.PersistentDaemonRegistry] Marking busy by address: [4bc3048d-fe68-46f7-b97c-4eee4c9f25f9 port:61056, addresses:[localhost/127.0.0.1]]
2024-05-20T16:58:16.418+0300 [DEBUG] [org.gradle.cache.internal.DefaultFileLockManager] Waiting to acquire exclusive lock on daemon addresses registry.
2024-05-20T16:58:16.418+0300 [DEBUG] [org.gradle.cache.internal.DefaultFileLockManager] Lock acquired on daemon addresses registry.
2024-05-20T16:58:16.420+0300 [DEBUG] [org.gradle.cache.internal.DefaultFileLockManager] Releasing lock on daemon addresses registry.
2024-05-20T16:58:16.421+0300 [DEBUG] [org.gradle.launcher.daemon.server.DaemonStateCoordinator] resetting idle timer
2024-05-20T16:58:16.421+0300 [DEBUG] [org.gradle.launcher.daemon.server.DaemonStateCoordinator] daemon is running. Sleeping until state changes.
2024-05-20T16:58:16.422+0300 [INFO] [org.gradle.launcher.daemon.server.exec.StartBuildOrRespondWithBusy] Daemon is about to start building Build{id=e018f7fe-d368-4dd9-8158-c100ae806b25, currentDir=C:\Users\erdog\AndroidStudioProjects\weather-app\weather-app}. Dispatching build started information...
2024-05-20T16:58:16.422+0300 [DEBUG] [org.gradle.launcher.daemon.server.SynchronizedDispatchConnection] thread 20: dispatching org.gradle.launcher.daemon.protocol.BuildStarted@34fdf77b
2024-05-20T16:58:16.425+0300 [DEBUG] [org.gradle.launcher.daemon.server.exec.EstablishBuildEnvironment] Configuring env variables: [USERDOMAIN_ROAMINGPROFILE, LOCALAPPDATA, PROCESSOR_LEVEL, USERDOMAIN, LOGONSERVER, JAVA_HOME, SESSIONNAME, ALLUSERSPROFILE, rid, PROCESSOR_ARCHITECTURE, EFC_3964, PSModulePath, SystemDrive, OneDrive, APPDATA, USERNAME, ProgramFiles(x86), CommonProgramFiles, Path, PATHEXT, DriverData, OS, COMPUTERNAME, PROCESSOR_REVISION, CommonProgramW6432, ComSpec, ProgramData, ProgramW6432, TEMP, HOMEPATH, SystemRoot, PROCESSOR_IDENTIFIER, HOMEDRIVE, USERPROFILE, TMP, CommonProgramFiles(x86), ProgramFiles, PUBLIC, windir, NUMBER_OF_PROCESSORS, =::, IDEA_INITIAL_DIRECTORY, ZES_ENABLE_SYSMAN]
2024-05-20T16:58:16.426+0300 [DEBUG] [org.gradle.launcher.daemon.server.SynchronizedDispatchConnection] thread 18: received class org.gradle.launcher.daemon.protocol.CloseInput
2024-05-20T16:58:16.427+0300 [DEBUG] [org.gradle.launcher.daemon.server.DefaultDaemonConnection] thread 18: Received IO message from client: org.gradle.launcher.daemon.protocol.CloseInput@63498b00
2024-05-20T16:58:16.430+0300 [DEBUG] [org.gradle.launcher.daemon.server.exec.LogToClient] About to start relaying all logs to the client via the connection.
2024-05-20T16:58:16.430+0300 [INFO] [org.gradle.launcher.daemon.server.exec.LogToClient] The client will now receive all logging from the daemon (pid: 12980). The daemon log file: C:\Users\erdog\AndroidStudioProjects\weather-app\weather-app\gradle\daemon\7.2\daemon-12980.out.log
2024-05-20T16:58:16.435+0300 [INFO] [org.gradle.launcher.daemon.server.exec.LogAndCheckHealth] Starting build in new daemon [memory: 1.7 GiB]
2024-05-20T16:58:16.436+0300 [INFO] [org.gradle.launcher.daemon.server.exec.ForwardClientInput] Closing daemon's stdin at end of input.
2024-05-20T16:58:16.436+0300 [INFO] [org.gradle.launcher.daemon.server.exec.ForwardClientInput] The daemon will no longer process any standard input.
2024-05-20T16:58:16.440+0300 [DEBUG] [org.gradle.launcher.daemon.server.exec.ExecuteBuild] The daemon has started executing the build.
2024-05-20T16:58:16.440+0300 [DEBUG] [org.gradle.launcher.daemon.server.exec.ExecuteBuild] Executing build with daemon context: DefaultDaemonContext[uid=ba4473d1-8248-4f12-9932-f1933982ec81,javaHome=C:\Users\erdog\.jdks\corretto-1.8.0_412,daemonRegistryDir=C:\Users\erdog\AndroidStudioProjects\weather-app\weather-app\gradle\daemon,pid=12980,idleTimeout=10800000,priority=NORMAL,daemonOpts=-Xmx2048m,-Dfile.encoding=windows-1254,-Duser.country=TR,-Duser.language=tr,-Duser.variant]

Deprecated Gradle features were used in this build, making it incompatible with Gradle 8.0.

You can use '--warning-mode all' to show the individual deprecation warnings and determine if they come from your own scripts or plugins.

See https://docs.gradle.org/7.2/userguide/command_line_interface.html#sec:command_line_warnings

BUÝLD SUCCESSFUL in 1m 18s
2024-05-20T16:59:29.145+0300 [DEBUG] [org.gradle.launcher.daemon.server.exec.ExecuteBuild] The daemon has finished executing the build.
2024-05-20T16:59:29.155+0300 [DEBUG] [org.gradle.launcher.daemon.server.DaemonStateCoordinator] daemon is running. Sleeping until state changes.
2024-05-20T16:59:29.155+0300 [DEBUG] [org.gradle.launcher.daemon.server.DaemonStateCoordinator] Command execution: finished waiting for DaemonCommandExecution[command = Build{id=e018f7fe-d368-4dd9-8158-c100ae806b25, currentDir=C:\Users\erdog\AndroidStudioProjects\weather-app\weather-app}, connection = DefaultDaemonConnection: socket connection from /127.0.0.1:61056 to /127.0.0.1:61057]. Result org.gradle.launcher.daemon.server.DaemonStateCoordinator@6cc65b4b with state Busy
2024-05-20T16:59:29.155+0300 [DEBUG] [org.gradle.launcher.daemon.server.DaemonStateCoordinator] Command execution: completed DaemonCommandExecution[command = Build{id=e018f7fe-d368-4dd9-8158-c100ae806b25, currentDir=C:\Users\erdog\AndroidStudioProjects\weather-app\weather-app}, connection = DefaultDaemonConnection: socket connection from /127.0.0.1:61056 to /127.0.0.1:61057]
2024-05-20T16:59:29.155+0300 [DEBUG] [org.gradle.launcher.daemon.server.DaemonStateCoordinator] resetting idle timer
2024-05-20T16:59:29.155+0300 [INFO] [org.gradle.launcher.daemon.server.DaemonRegistryUpdater] Marking the daemon as idle, address: [4bc3048d-fe68-46f7-b97c-4eee4c9f25f9 port:61056, addresses:[localhost/127.0.0.1]]
2024-05-20T16:59:29.155+0300 [DEBUG] [org.gradle.launcher.daemon.registry.PersistentDaemonRegistry] Marking busy by address: [4bc3048d-fe68-46f7-b97c-4eee4c9f25f9 port:61056, addresses:[localhost/127.0.0.1]]
2024-05-20T16:59:29.157+0300 [DEBUG] [org.gradle.cache.internal.DefaultFileLockManager] Waiting to acquire exclusive lock on daemon addresses registry.
2024-05-20T16:59:29.157+0300 [DEBUG] [org.gradle.cache.internal.DefaultFileLockManager] Lock acquired on daemon addresses registry.
2024-05-20T16:59:29.158+0300 [DEBUG] [org.gradle.cache.internal.DefaultFileLockManager] Releasing lock on daemon addresses registry.
2024-05-20T16:59:29.158+0300 [DEBUG] [org.gradle.launcher.daemon.server.DaemonStateCoordinator] daemon is running. Sleeping until state changes.
2024-05-20T16:59:29.158+0300 [DEBUG] [org.gradle.launcher.daemon.server.exec.ReturnResult] Daemon is dispatching the build result: Success[value=org.gradle.launcher.exec.BuildActionResult@60d1e412]
2024-05-20T16:59:29.158+0300 [DEBUG] [org.gradle.launcher.daemon.server.SynchronizedDispatchConnection] thread 17: dispatching Success[value=org.gradle.launcher.exec.BuildActionResult@60d1e412]
2024-05-20T16:59:29.159+0300 [DEBUG] [org.gradle.launcher.daemon.server.DefaultIncomingConnectionHandler] Finishing executing command: Build{id=e018f7fe-d368-4dd9-8158-c100ae806b25, currentDir=C:\Users\erdog\AndroidStudioProjects\weather-app\weather-app}
2024-05-20T16:59:29.159+0300 [DEBUG] [org.gradle.launcher.daemon.server.SynchronizedDispatchConnection] thread 18: received class org.gradle.launcher.daemon.protocol.Finished
2024-05-20T16:59:29.160+0300 [DEBUG] [org.gradle.launcher.daemon.server.DefaultDaemonConnection] thread 18: Received non-IO message from client: org.gradle.launcher.daemon.protocol.Finished@62ad8c87
2024-05-20T16:59:29.160+0300 [DEBUG] [org.gradle.launcher.daemon.server.DefaultIncomingConnectionHandler] Received finished message: org.gradle.launcher.daemon.protocol.Finished@62ad8c87
2024-05-20T16:59:29.160+0300 [DEBUG] [org.gradle.launcher.daemon.server.SynchronizedDispatchConnection] thread 17: stopping connection
2024-05-20T16:59:29.160+0300 [DEBUG] [org.gradle.internal.remote.internal.inet.SocketConnection] Discarding EOFException: java.io.EOFException
2024-05-20T16:59:29.160+0300 [DEBUG] [org.gradle.launcher.daemon.server.SynchronizedDispatchConnection] thread 18: received null
2024-05-20T16:59:29.160+0300 [DEBUG] [org.gradle.launcher.daemon.server.DefaultDaemonConnection] thread 18: Received end-of-input from client.
2024-05-20T16:59:29.161+0300 [DEBUG] [org.gradle.launcher.daemon.server.SynchronizedDispatchConnection] thread 17: stopping connection
2024-05-20T16:59:36.341+0300 [DEBUG] [org.gradle.cache.internal.DefaultFileLockManager] Waiting to acquire shared lock on daemon addresses registry.
2024-05-20T16:59:36.341+0300 [DEBUG] [org.gradle.cache.internal.DefaultFileLockManager] Lock acquired on daemon addresses registry.
2024-05-20T16:59:36.341+0300 [DEBUG] [org.gradle.cache.internal.DefaultFileLockManager] Releasing lock on daemon addresses registry.
2024-05-20T16:59:36.342+0300 [DEBUG] [org.gradle.cache.internal.DefaultFileLockManager] Waiting to acquire shared lock on daemon addresses registry.
2024-05-20T16:59:36.342+0300 [DEBUG] [org.gradle.cache.internal.DefaultFileLockManager] Lock acquired on daemon addresses registry.
2024-05-20T16:59:36.343+0300 [DEBUG] [org.gradle.cache.internal.DefaultFileLockManager] Releasing lock on daemon addresses registry.
2024-05-20T16:59:46.340+0300 [DEBUG] [org.gradle.cache.internal.DefaultFileLockManager] Waiting to acquire shared lock on daemon addresses registry.
2024-05-20T16:59:46.340+0300 [DEBUG] [org.gradle.cache.internal.DefaultFileLockManager] Lock acquired on daemon addresses registry.
2024-05-20T16:59:46.341+0300 [DEBUG] [org.gradle.cache.internal.DefaultFileLockManager] Releasing lock on daemon addresses registry.
2024-05-20T16:59:46.341+0300 [DEBUG] [org.gradle.cache.internal.DefaultFileLockManager] Waiting to acquire shared lock on daemon addresses registry.
2024-05-20T16:59:46.342+0300 [DEBUG] [org.gradle.cache.internal.DefaultFileLockManager] Lock acquired on daemon addresses registry.
2024-05-20T16:59:46.342+0300 [DEBUG] [org.gradle.cache.internal.DefaultFileLockManager] Releasing lock on daemon addresses registry.
2024-05-20T16:59:46.343+0300 [DEBUG] [org.gradle.cache.internal.DefaultFileLockManager] Waiting to acquire shared lock on daemon addresses registry.
2024-05-20T16:59:46.343+0300 [DEBUG] [org.gradle.cache.internal.DefaultFileLockManager] Lock acquired on daemon addresses registry.
2024-05-20T16:59:46.343+0300 [DEBUG] [org.gradle.cache.internal.DefaultFileLockManager] Releasing lock on daemon addresses registry.
2024-05-20T16:59:47.883+0300 [DEBUG] [org.gradle.internal.remote.internal.inet.TcpIncomingConnector] Accepted connection from /127.0.0.1:61125 to /127.0.0.1:61056.
2024-05-20T16:59:47.890+0300 [DEBUG] [org.gradle.launcher.daemon.server.SynchronizedDispatchConnection] thread 187: received class org.gradle.launcher.daemon.protocol.Build
2024-05-20T16:59:47.890+0300 [DEBUG] [org.gradle.launcher.daemon.server.DefaultDaemonConnection] thread 187: Received non-IO message from client: Build{id=3c46e348-e3e9-4f0f-869b-133f4b8287e3, currentDir=C:\Users\erdog\AndroidStudioProjects\weather-app\weather-app}
2024-05-20T16:59:47.890+0300 [INFO] [org.gradle.launcher.daemon.server.DefaultIncomingConnectionHandler] Received command: Build{id=3c46e348-e3e9-4f0f-869b-133f4b8287e3, currentDir=C:\Users\erdog\AndroidStudioProjects\weather-app\weather-app}.
2024-05-20T16:59:47.891+0300 [DEBUG] [org.gradle.launcher.daemon.server.DefaultIncomingConnectionHandler] Starting executing command: Build{id=3c46e348-e3e9-4f0f-869b-133f4b8287e3, currentDir=C:\Users\erdog\AndroidStudioProjects\weather-app\weather-app} with connection: socket connection from /127.0.0.1:61056 to /127.0.0.1:61125.
2024-05-20T16:59:47.891+0300 [DEBUG] [org.gradle.launcher.daemon.server.DaemonStateCoordinator] Command execution: started DaemonCommandExecution[command = Build{id=3c46e348-e3e9-4f0f-869b-133f4b8287e3, currentDir=C:\Users\erdog\AndroidStudioProjects\weather-app\weather-app}, connection = DefaultDaemonConnection: socket connection from /127.0.0.1:61056 to /127.0.0.1:61125] after 0.0 minutes of idle
2024-05-20T16:59:47.891+0300 [INFO] [org.gradle.launcher.daemon.server.DaemonRegistryUpdater] Marking the daemon as busy, address: [4bc3048d-fe68-46f7-b97c-4eee4c9f25f9 port:61056, addresses:[localhost/127.0.0.1]]
2024-05-20T16:59:47.892+0300 [DEBUG] [org.gradle.launcher.daemon.registry.PersistentDaemonRegistry] Marking busy by address: [4bc3048d-fe68-46f7-b97c-4eee4c9f25f9 port:61056, addresses:[localhost/127.0.0.1]]
2024-05-20T16:59:47.892+0300 [DEBUG] [org.gradle.cache.internal.DefaultFileLockManager] Waiting to acquire exclusive lock on daemon addresses registry.
2024-05-20T16:59:47.893+0300 [DEBUG] [org.gradle.cache.internal.DefaultFileLockManager] Lock acquired on daemon addresses registry.
2024-05-20T16:59:47.894+0300 [DEBUG] [org.gradle.cache.internal.DefaultFileLockManager] Releasing lock on daemon addresses registry.
2024-05-20T16:59:47.895+0300 [DEBUG] [org.gradle.launcher.daemon.server.DaemonStateCoordinator] resetting idle timer
2024-05-20T16:59:47.895+0300 [DEBUG] [org.gradle.launcher.daemon.server.DaemonStateCoordinator] daemon is running. Sleeping until state changes.
2024-05-20T16:59:47.895+0300 [INFO] [org.gradle.launcher.daemon.server.exec.StartBuildOrRespondWithBusy] Daemon is about to start building Build{id=3c46e348-e3e9-4f0f-869b-133f4b8287e3, currentDir=C:\Users\erdog\AndroidStudioProjects\weather-app\weather-app}. Dispatching build started information...
2024-05-20T16:59:47.895+0300 [DEBUG] [org.gradle.launcher.daemon.server.SynchronizedDispatchConnection] thread 20: dispatching org.gradle.launcher.daemon.protocol.BuildStarted@2d95446f
2024-05-20T16:59:47.897+0300 [DEBUG] [org.gradle.launcher.daemon.server.SynchronizedDispatchConnection] thread 187: received class org.gradle.launcher.daemon.protocol.CloseInput
2024-05-20T16:59:47.897+0300 [DEBUG] [org.gradle.launcher.daemon.server.exec.EstablishBuildEnvironment] Configuring env variables: [USERDOMAIN_ROAMINGPROFILE, LOCALAPPDATA, PROCESSOR_LEVEL, USERDOMAIN, LOGONSERVER, JAVA_HOME, SESSIONNAME, ALLUSERSPROFILE, rid, PROCESSOR_ARCHITECTURE, EFC_3964, PSModulePath, SystemDrive, OneDrive, APPDATA, USERNAME, ProgramFiles(x86), CommonProgramFiles, Path, PATHEXT, DriverData, OS, COMPUTERNAME, PROCESSOR_REVISION, CommonProgramW6432, ComSpec, ProgramData, ProgramW6432, TEMP, HOMEPATH, SystemRoot, PROCESSOR_IDENTIFIER, HOMEDRIVE, USERPROFILE, TMP, CommonProgramFiles(x86), ProgramFiles, PUBLIC, windir, NUMBER_OF_PROCESSORS, =::, IDEA_INITIAL_DIRECTORY, ZES_ENABLE_SYSMAN]
2024-05-20T16:59:47.897+0300 [DEBUG] [org.gradle.launcher.daemon.server.DefaultDaemonConnection] thread 187: Received IO message from client: org.gradle.launcher.daemon.protocol.CloseInput@7e7065b4
2024-05-20T16:59:47.898+0300 [DEBUG] [org.gradle.launcher.daemon.server.exec.LogToClient] About to start relaying all logs to the client via the connection.
2024-05-20T16:59:47.898+0300 [INFO] [org.gradle.launcher.daemon.server.exec.LogToClient] The client will now receive all logging from the daemon (pid: 12980). The daemon log file: C:\Users\erdog\AndroidStudioProjects\weather-app\weather-app\gradle\daemon\7.2\daemon-12980.out.log
2024-05-20T16:59:47.902+0300 [INFO] [org.gradle.launcher.daemon.server.exec.LogAndCheckHealth] Starting 2nd build in daemon [uptime: 1 mins 32.21 secs, performance: 99%, GC rate: 0,06/s, heap usage: 2% of 1.3 GiB]
2024-05-20T16:59:47.903+0300 [DEBUG] [org.gradle.launcher.daemon.server.exec.ExecuteBuild] The daemon has started executing the build.
2024-05-20T16:59:47.903+0300 [DEBUG] [org.gradle.launcher.daemon.server.exec.ExecuteBuild] Executing build with daemon context: DefaultDaemonContext[uid=ba4473d1-8248-4f12-9932-f1933982ec81,javaHome=C:\Users\erdog\.jdks\corretto-1.8.0_412,daemonRegistryDir=C:\Users\erdog\AndroidStudioProjects\weather-app\weather-app\gradle\daemon,pid=12980,idleTimeout=10800000,priority=NORMAL,daemonOpts=-Xmx2048m,-Dfile.encoding=windows-1254,-Duser.country=TR,-Duser.language=tr,-Duser.variant]

Deprecated Gradle features were used in this build, making it incompatible with Gradle 8.0.

You can use '--warning-mode all' to show the individual deprecation warnings and determine if they come from your own scripts or plugins.

See https://docs.gradle.org/7.2/userguide/command_line_interface.html#sec:command_line_warnings

BUÝLD SUCCESSFUL in 12s
29 actionable tasks: 29 up-to-date
2024-05-20T17:00:00.097+0300 [DEBUG] [org.gradle.launcher.daemon.server.exec.ExecuteBuild] The daemon has finished executing the build.
2024-05-20T17:00:00.105+0300 [DEBUG] [org.gradle.launcher.daemon.server.DaemonStateCoordinator] Command execution: finished waiting for DaemonCommandExecution[command = Build{id=3c46e348-e3e9-4f0f-869b-133f4b8287e3, currentDir=C:\Users\erdog\AndroidStudioProjects\weather-app\weather-app}, connection = DefaultDaemonConnection: socket connection from /127.0.0.1:61056 to /127.0.0.1:61125]. Result org.gradle.launcher.daemon.server.DaemonStateCoordinator@6cc65b4b with state Busy
2024-05-20T17:00:00.106+0300 [DEBUG] [org.gradle.launcher.daemon.server.DaemonStateCoordinator] Command execution: completed DaemonCommandExecution[command = Build{id=3c46e348-e3e9-4f0f-869b-133f4b8287e3, currentDir=C:\Users\erdog\AndroidStudioProjects\weather-app\weather-app}, connection = DefaultDaemonConnection: socket connection from /127.0.0.1:61056 to /127.0.0.1:61125]
2024-05-20T17:00:00.106+0300 [DEBUG] [org.gradle.launcher.daemon.server.DaemonStateCoordinator] resetting idle timer
2024-05-20T17:00:00.106+0300 [INFO] [org.gradle.launcher.daemon.server.DaemonRegistryUpdater] Marking the daemon as idle, address: [4bc3048d-fe68-46f7-b97c-4eee4c9f25f9 port:61056, addresses:[localhost/127.0.0.1]]
2024-05-20T17:00:00.106+0300 [DEBUG] [org.gradle.launcher.daemon.registry.PersistentDaemonRegistry] Marking busy by address: [4bc3048d-fe68-46f7-b97c-4eee4c9f25f9 port:61056, addresses:[localhost/127.0.0.1]]
2024-05-20T17:00:00.108+0300 [DEBUG] [org.gradle.cache.internal.DefaultFileLockManager] Waiting to acquire exclusive lock on daemon addresses registry.
2024-05-20T17:00:00.109+0300 [DEBUG] [org.gradle.cache.internal.DefaultFileLockManager] Lock acquired on daemon addresses registry.
2024-05-20T17:00:00.110+0300 [DEBUG] [org.gradle.cache.internal.DefaultFileLockManager] Releasing lock on daemon addresses registry.
2024-05-20T17:00:00.111+0300 [DEBUG] [org.gradle.launcher.daemon.server.exec.ReturnResult] Daemon is dispatching the build result: Success[value=org.gradle.launcher.exec.BuildActionResult@352a3a51]
2024-05-20T17:00:00.111+0300 [DEBUG] [org.gradle.launcher.daemon.server.DaemonStateCoordinator] daemon is running. Sleeping until state changes.
2024-05-20T17:00:00.111+0300 [DEBUG] [org.gradle.launcher.daemon.server.SynchronizedDispatchConnection] thread 17: dispatching Success[value=org.gradle.launcher.exec.BuildActionResult@352a3a51]
2024-05-20T17:00:00.111+0300 [DEBUG] [org.gradle.launcher.daemon.server.DefaultIncomingConnectionHandler] Finishing executing command: Build{id=3c46e348-e3e9-4f0f-869b-133f4b8287e3, currentDir=C:\Users\erdog\AndroidStudioProjects\weather-app\weather-app}
2024-05-20T17:00:00.112+0300 [DEBUG] [org.gradle.launcher.daemon.server.SynchronizedDispatchConnection] thread 187: received class org.gradle.launcher.daemon.protocol.Finished
2024-05-20T17:00:00.112+0300 [DEBUG] [org.gradle.launcher.daemon.server.DefaultDaemonConnection] thread 187: Received non-IO message from client: org.gradle.launcher.daemon.protocol.Finished@3b72e41e
2024-05-20T17:00:00.112+0300 [DEBUG] [org.gradle.launcher.daemon.server.DefaultIncomingConnectionHandler] Received finished message: org.gradle.launcher.daemon.protocol.Finished@3b72e41e
2024-05-20T17:00:00.112+0300 [DEBUG] [org.gradle.launcher.daemon.server.SynchronizedDispatchConnection] thread 17: stopping connection
2024-05-20T17:00:00.112+0300 [DEBUG] [org.gradle.internal.remote.internal.inet.SocketConnection] Discarding EOFException: java.io.EOFException
2024-05-20T17:00:00.113+0300 [DEBUG] [org.gradle.launcher.daemon.server.SynchronizedDispatchConnection] thread 187: received null
2024-05-20T17:00:00.113+0300 [DEBUG] [org.gradle.launcher.daemon.server.DefaultDaemonConnection] thread 187: Received end-of-input from client.
2024-05-20T17:00:00.114+0300 [DEBUG] [org.gradle.launcher.daemon.server.SynchronizedDispatchConnection] thread 17: stopping connection
2024-05-20T17:00:00.245+0300 [DEBUG] [org.gradle.process.internal.health.memory.DefaultMemoryManager] 1700845158 memory requested, 736378880 free
2024-05-20T17:00:00.246+0300 [DEBUG] [org.gradle.workers.internal.WorkerDaemonExpiration] Will attempt to release 1622 of memory
2024-05-20T17:00:00.251+0300 [DEBUG] [org.gradle.process.internal.health.memory.DefaultMemoryManager] 1700845158 memory requested, 0 released, 736378880 free
2024-05-20T17:00:00.747+0300 [INFO] [net.rubygrapefruit.platform.internal.jni.NativeLogger] Detected overflow for C:\Users\erdog\AndroidStudioProjects\weather-app\weather-app
2024-05-20T17:00:00.750+0300 [INFO] [org.gradle.internal.watch.registry.impl.DefaultFileWatcherRegistry] Overflow detected (type: OPERATING_SYSTEM) for watched path 'C:\Users\erdog\AndroidStudioProjects\weather-app\weather-app', invalidating
2024-05-20T17:00:00.750+0300 [DEBUG] [org.gradle.internal.watch.vfs.impl.WatchingVirtualFileSystem] Handling VFS change OVERFLOW C:\Users\erdog\AndroidStudioProjects\weather-app\weather-app
2024-05-20T17:00:00.751+0300 [INFO] [org.gradle.internal.watch.registry.impl.HierarchicalFileWatcherUpdater] Not watching anything anymore
2024-05-20T17:00:00.753+0300 [INFO] [org.gradle.internal.watch.registry.impl.HierarchicalFileWatcherUpdater] Watching 0 directory hierarchies to track changes
2024-05-20T17:00:05.244+0300 [DEBUG] [org.gradle.process.internal.health.memory.DefaultMemoryManager] 1700845158 memory requested, 467124224 free
2024-05-20T17:00:05.244+0300 [DEBUG] [org.gradle.workers.internal.WorkerDaemonExpiration] Will attempt to release 1622 of memory
2024-05-20T17:00:05.244+0300 [DEBUG] [org.gradle.process.internal.health.memory.DefaultMemoryManager] 1700845158 memory requested, 0 released, 467124224 free
2024-05-20T17:00:06.343+0300 [DEBUG] [org.gradle.cache.internal.DefaultFileLockManager] Waiting to acquire shared lock on daemon addresses registry.
2024-05-20T17:00:06.344+0300 [DEBUG] [org.gradle.cache.internal.DefaultFileLockManager] Lock acquired on daemon addresses registry.
2024-05-20T17:00:06.345+0300 [DEBUG] [org.gradle.cache.internal.DefaultFileLockManager] Releasing lock on daemon addresses registry.
2024-05-20T17:00:06.346+0300 [DEBUG] [org.gradle.cache.internal.DefaultFileLockManager] Waiting to acquire shared lock on daemon addresses registry.
2024-05-20T17:00:06.347+0300 [DEBUG] [org.gradle.cache.internal.DefaultFileLockManager] Lock acquired on daemon addresses registry.
2024-05-20T17:00:06.347+0300 [DEBUG] [org.gradle.cache.internal.DefaultFileLockManager] Releasing lock on daemon addresses registry.
2024-05-20T17:00:10.244+0300 [DEBUG] [org.gradle.process.internal.health.memory.DefaultMemoryManager] 1700845158 memory requested, 498683904 free
2024-05-20T17:00:10.244+0300 [DEBUG] [org.gradle.workers.internal.WorkerDaemonExpiration] Will attempt to release 1622 of memory
2024-05-20T17:00:10.245+0300 [DEBUG] [org.gradle.process.internal.health.memory.DefaultMemoryManager] 1700845158 memory requested, 0 released, 498683904 free
2024-05-20T17:00:15.243+0300 [DEBUG] [org.gradle.process.internal.health.memory.DefaultMemoryManager] 1700845158 memory requested, 309182464 free
2024-05-20T17:00:15.243+0300 [DEBUG] [org.gradle.workers.internal.WorkerDaemonExpiration] Will attempt to release 1622 of memory
2024-05-20T17:00:15.243+0300 [DEBUG] [org.gradle.process.internal.health.memory.DefaultMemoryManager] 1700845158 memory requested, 0 released, 309182464 free
2024-05-20T17:00:16.341+0300 [DEBUG] [org.gradle.cache.internal.DefaultFileLockManager] Waiting to acquire shared lock on daemon addresses registry.
2024-05-20T17:00:16.341+0300 [DEBUG] [org.gradle.cache.internal.DefaultFileLockManager] Lock acquired on daemon addresses registry.
2024-05-20T17:00:16.341+0300 [DEBUG] [org.gradle.cache.internal.DefaultFileLockManager] Releasing lock on daemon addresses registry.
2024-05-20T17:00:16.342+0300 [DEBUG] [org.gradle.cache.internal.DefaultFileLockManager] Waiting to acquire shared lock on daemon addresses registry.
2024-05-20T17:00:16.342+0300 [DEBUG] [org.gradle.cache.internal.DefaultFileLockManager] Lock acquired on daemon addresses registry.
2024-05-20T17:00:16.343+0300 [DEBUG] [org.gradle.cache.internal.DefaultFileLockManager] Releasing lock on daemon addresses registry.
2024-05-20T17:00:16.344+0300 [DEBUG] [org.gradle.cache.internal.DefaultFileLockManager] Waiting to acquire shared lock on daemon addresses registry.
2024-05-20T17:00:16.344+0300 [DEBUG] [org.gradle.cache.internal.DefaultFileLockManager] Lock acquired on daemon addresses registry.
2024-05-20T17:00:16.344+0300 [DEBUG] [org.gradle.cache.internal.DefaultFileLockManager] Releasing lock on daemon addresses registry.
2024-05-20T17:00:20.245+0300 [DEBUG] [org.gradle.process.internal.health.memory.DefaultMemoryManager] 1700845158 memory requested, 402849792 free
2024-05-20T17:00:20.245+0300 [DEBUG] [org.gradle.workers.internal.WorkerDaemonExpiration] Will attempt to release 1622 of memory
2024-05-20T17:00:20.245+0300 [DEBUG] [org.gradle.process.internal.health.memory.DefaultMemoryManager] 1700845158 memory requested, 0 released, 402849792 free
2024-05-20T17:00:25.243+0300 [DEBUG] [org.gradle.process.internal.health.memory.DefaultMemoryManager] 1700845158 memory requested, 467382272 free
2024-05-20T17:00:25.243+0300 [DEBUG] [org.gradle.workers.internal.WorkerDaemonExpiration] Will attempt to release 1622 of memory
2024-05-20T17:00:25.243+0300 [DEBUG] [org.gradle.process.internal.health.memory.DefaultMemoryManager] 1700845158 memory requested, 0 released, 467382272 free
2024-05-20T17:00:26.341+0300 [DEBUG] [org.gradle.cache.internal.DefaultFileLockManager] Waiting to acquire shared lock on daemon addresses registry.
2024-05-20T17:00:26.341+0300 [DEBUG] [org.gradle.cache.internal.DefaultFileLockManager] Lock acquired on daemon addresses registry.
2024-05-20T17:00:26.342+0300 [DEBUG] [org.gradle.cache.internal.DefaultFileLockManager] Releasing lock on daemon addresses registry.
2024-05-20T17:00:26.342+0300 [DEBUG] [org.gradle.cache.internal.DefaultFileLockManager] Waiting to acquire shared lock on daemon addresses registry.
2024-05-20T17:00:26.343+0300 [DEBUG] [org.gradle.cache.internal.DefaultFileLockManager] Lock acquired on daemon addresses registry.
2024-05-20T17:00:26.343+0300 [DEBUG] [org.gradle.cache.internal.DefaultFileLockManager] Releasing lock on daemon addresses registry.
2024-05-20T17:00:26.343+0300 [DEBUG] [org.gradle.cache.internal.DefaultFileLockManager] Waiting to acquire shared lock on daemon addresses registry.
2024-05-20T17:00:26.344+0300 [DEBUG] [org.gradle.cache.internal.DefaultFileLockManager] Lock acquired on daemon addresses registry.
2024-05-20T17:00:26.344+0300 [DEBUG] [org.gradle.cache.internal.DefaultFileLockManager] Releasing lock on daemon addresses registry.
2024-05-20T17:00:30.244+0300 [DEBUG] [org.gradle.process.internal.health.memory.DefaultMemoryManager] 1700845158 memory requested, 479305728 free
2024-05-20T17:00:30.244+0300 [DEBUG] [org.gradle.workers.internal.WorkerDaemonExpiration] Will attempt to release 1622 of memory
2024-05-20T17:00:30.245+0300 [DEBUG] [org.gradle.process.internal.health.memory.DefaultMemoryManager] 1700845158 memory requested, 0 released, 479305728 free
2024-05-20T17:00:35.244+0300 [DEBUG] [org.gradle.process.internal.health.memory.DefaultMemoryManager] 1700845158 memory requested, 470228992 free
2024-05-20T17:00:35.244+0300 [DEBUG] [org.gradle.workers.internal.WorkerDaemonExpiration] Will attempt to release 1622 of memory
2024-05-20T17:00:35.244+0300 [DEBUG] [org.gradle.process.internal.health.memory.DefaultMemoryManager] 1700845158 memory requested, 0 released, 470228992 free
2024-05-20T17:00:36.342+0300 [DEBUG] [org.gradle.cache.internal.DefaultFileLockManager] Waiting to acquire shared lock on daemon addresses registry.
2024-05-20T17:00:36.343+0300 [DEBUG] [org.gradle.cache.internal.DefaultFileLockManager] Lock acquired on daemon addresses registry.
2024-05-20T17:00:36.343+0300 [DEBUG] [org.gradle.cache.internal.DefaultFileLockManager] Releasing lock on daemon addresses registry.
2024-05-20T17:00:36.344+0300 [DEBUG] [org.gradle.cache.internal.DefaultFileLockManager] Waiting to acquire shared lock on daemon addresses registry.
2024-05-20T17:00:36.344+0300 [DEBUG] [org.gradle.cache.internal.DefaultFileLockManager] Lock acquired on daemon addresses registry.
2024-05-20T17:00:36.344+0300 [DEBUG] [org.gradle.cache.internal.DefaultFileLockManager] Releasing lock on daemon addresses registry.
2024-05-20T17:00:36.345+0300 [DEBUG] [org.gradle.cache.internal.DefaultFileLockManager] Waiting to acquire shared lock on daemon addresses registry.
2024-05-20T17:00:36.345+0300 [DEBUG] [org.gradle.cache.internal.DefaultFileLockManager] Lock acquired on daemon addresses registry.
2024-05-20T17:00:36.345+0300 [DEBUG] [org.gradle.cache.internal.DefaultFileLockManager] Releasing lock on daemon addresses registry.
2024-05-20T17:00:40.243+0300 [DEBUG] [org.gradle.process.internal.health.memory.DefaultMemoryManager] 1700845158 memory requested, 478298112 free
2024-05-20T17:00:40.243+0300 [DEBUG] [org.gradle.workers.internal.WorkerDaemonExpiration] Will attempt to release 1622 of memory
2024-05-20T17:00:40.243+0300 [DEBUG] [org.gradle.process.internal.health.memory.DefaultMemoryManager] 1700845158 memory requested, 0 released, 478298112 free
2024-05-20T17:00:45.244+0300 [DEBUG] [org.gradle.process.internal.health.memory.DefaultMemoryManager] 1700845158 memory requested, 479490048 free
2024-05-20T17:00:45.245+0300 [DEBUG] [org.gradle.workers.internal.WorkerDaemonExpiration] Will attempt to release 1622 of memory
2024-05-20T17:00:45.245+0300 [DEBUG] [org.gradle.process.internal.health.memory.DefaultMemoryManager] 1700845158 memory requested, 0 released, 479490048 free
2024-05-20T17:00:46.342+0300 [DEBUG] [org.gradle.cache.internal.DefaultFileLockManager] Waiting to acquire shared lock on daemon addresses registry.
2024-05-20T17:00:46.342+0300 [DEBUG] [org.gradle.cache.internal.DefaultFileLockManager] Lock acquired on daemon addresses registry.
2024-05-20T17:00:46.342+0300 [DEBUG] [org.gradle.cache.internal.DefaultFileLockManager] Releasing lock on daemon addresses registry.
2024-05-20T17:00:46.343+0300 [DEBUG] [org.gradle.cache.internal.DefaultFileLockManager] Waiting to acquire shared lock on daemon addresses registry.
2024-05-20T17:00:46.343+0300 [DEBUG] [org.gradle.cache.internal.DefaultFileLockManager] Lock acquired on daemon addresses registry.
2024-05-20T17:00:46.343+0300 [DEBUG] [org.gradle.cache.internal.DefaultFileLockManager] Releasing lock on daemon addresses registry.
2024-05-20T17:00:46.344+0300 [DEBUG] [org.gradle.cache.internal.DefaultFileLockManager] Waiting to acquire shared lock on daemon addresses registry.
2024-05-20T17:00:46.344+0300 [DEBUG] [org.gradle.cache.internal.DefaultFileLockManager] Lock acquired on daemon addresses registry.
2024-05-20T17:00:46.344+0300 [DEBUG] [org.gradle.cache.internal.DefaultFileLockManager] Releasing lock on daemon addresses registry.
2024-05-20T17:00:50.243+0300 [DEBUG] [org.gradle.process.internal.health.memory.DefaultMemoryManager] 1700845158 memory requested, 510787584 free
2024-05-20T17:00:50.243+0300 [DEBUG] [org.gradle.workers.internal.WorkerDaemonExpiration] Will attempt to release 1622 of memory
2024-05-20T17:00:50.243+0300 [DEBUG] [org.gradle.process.internal.health.memory.DefaultMemoryManager] 1700845158 memory requested, 0 released, 510787584 free
2024-05-20T17:00:55.243+0300 [DEBUG] [org.gradle.process.internal.health.memory.DefaultMemoryManager] 1700845158 memory requested, 478564352 free
2024-05-20T17:00:55.244+0300 [DEBUG] [org.gradle.workers.internal.WorkerDaemonExpiration] Will attempt to release 1622 of memory
2024-05-20T17:00:55.244+0300 [DEBUG] [org.gradle.process.internal.health.memory.DefaultMemoryManager] 1700845158 memory requested, 0 released, 478564352 free
2024-05-20T17:00:56.342+0300 [DEBUG] [org.gradle.cache.internal.DefaultFileLockManager] Waiting to acquire shared lock on daemon addresses registry.
2024-05-20T17:00:56.342+0300 [DEBUG] [org.gradle.cache.internal.DefaultFileLockManager] Lock acquired on daemon addresses registry.
2024-05-20T17:00:56.342+0300 [DEBUG] [org.gradle.cache.internal.DefaultFileLockManager] Releasing lock on daemon addresses registry.
2024-05-20T17:00:56.342+0300 [DEBUG] [org.gradle.cache.internal.DefaultFileLockManager] Waiting to acquire shared lock on daemon addresses registry.
2024-05-20T17:00:56.343+0300 [DEBUG] [org.gradle.cache.internal.DefaultFileLockManager] Lock acquired on daemon addresses registry.
2024-05-20T17:00:56.343+0300 [DEBUG] [org.gradle.cache.internal.DefaultFileLockManager] Releasing lock on daemon addresses registry.
2024-05-20T17:00:56.343+0300 [DEBUG] [org.gradle.cache.internal.DefaultFileLockManager] Waiting to acquire shared lock on daemon addresses registry.
2024-05-20T17:00:56.343+0300 [DEBUG] [org.gradle.cache.internal.DefaultFileLockManager] Lock acquired on daemon addresses registry.
2024-05-20T17:00:56.344+0300 [DEBUG] [org.gradle.cache.internal.DefaultFileLockManager] Releasing lock on daemon addresses registry.
2024-05-20T17:01:00.243+0300 [DEBUG] [org.gradle.process.internal.health.memory.DefaultMemoryManager] 1700845158 memory requested, 486879232 free
2024-05-20T17:01:00.243+0300 [DEBUG] [org.gradle.workers.internal.WorkerDaemonExpiration] Will attempt to release 1622 of memory
2024-05-20T17:01:00.243+0300 [DEBUG] [org.gradle.process.internal.health.memory.DefaultMemoryManager] 1700845158 memory requested, 0 released, 486879232 free
2024-05-20T17:01:05.108+0300 [DEBUG] [org.gradle.internal.remote.internal.inet.TcpIncomingConnector] Accepted connection from /127.0.0.1:61222 to /127.0.0.1:61056.
2024-05-20T17:01:05.109+0300 [DEBUG] [org.gradle.internal.remote.internal.inet.TcpIncomingConnector] Accepted connection from /127.0.0.1:61223 to /127.0.0.1:61056.
2024-05-20T17:01:05.115+0300 [DEBUG] [org.gradle.launcher.daemon.server.SynchronizedDispatchConnection] thread 343: received class org.gradle.launcher.daemon.protocol.StopWhenIdle
2024-05-20T17:01:05.115+0300 [DEBUG] [org.gradle.launcher.daemon.server.SynchronizedDispatchConnection] thread 341: received class org.gradle.launcher.daemon.protocol.StopWhenIdle
2024-05-20T17:01:05.115+0300 [DEBUG] [org.gradle.launcher.daemon.server.DefaultDaemonConnection] thread 341: Received non-IO message from client: StopWhenIdle[id=3cc6b564-bbee-49ea-9c16-e9234f87c556]
2024-05-20T17:01:05.115+0300 [DEBUG] [org.gradle.launcher.daemon.server.DefaultDaemonConnection] thread 343: Received non-IO message from client: StopWhenIdle[id=02a0bd5b-4275-4ae6-b32e-202491d40c9e]
2024-05-20T17:01:05.116+0300 [INFO] [org.gradle.launcher.daemon.server.DefaultIncomingConnectionHandler] Received command: StopWhenIdle[id=3cc6b564-bbee-49ea-9c16-e9234f87c556].
2024-05-20T17:01:05.116+0300 [INFO] [org.gradle.launcher.daemon.server.DefaultIncomingConnectionHandler] Received command: StopWhenIdle[id=02a0bd5b-4275-4ae6-b32e-202491d40c9e].
2024-05-20T17:01:05.116+0300 [DEBUG] [org.gradle.launcher.daemon.server.DefaultIncomingConnectionHandler] Starting executing command: StopWhenIdle[id=3cc6b564-bbee-49ea-9c16-e9234f87c556] with connection: socket connection from /127.0.0.1:61056 to /127.0.0.1:61222.
2024-05-20T17:01:05.116+0300 [DEBUG] [org.gradle.launcher.daemon.server.DefaultIncomingConnectionHandler] Starting executing command: StopWhenIdle[id=02a0bd5b-4275-4ae6-b32e-202491d40c9e] with connection: socket connection from /127.0.0.1:61056 to /127.0.0.1:61223.
2024-05-20T17:01:05.116+0300 [DEBUG] [org.gradle.launcher.daemon.server.DaemonRegistryUpdater] Storing daemon stop event: stop command received
2024-05-20T17:01:05.116+0300 [DEBUG] [org.gradle.launcher.daemon.registry.PersistentDaemonRegistry] Storing daemon stop event with timestamp 1716213665116
2024-05-20T17:01:05.118+0300 [DEBUG] [org.gradle.cache.internal.DefaultFileLockManager] Waiting to acquire exclusive lock on daemon addresses registry.
2024-05-20T17:01:05.118+0300 [DEBUG] [org.gradle.cache.internal.DefaultFileLockManager] Lock acquired on daemon addresses registry.
2024-05-20T17:01:05.119+0300 [DEBUG] [org.gradle.cache.internal.DefaultFileLockManager] Releasing lock on daemon addresses registry.
2024-05-20T17:01:05.120+0300 [LIFECYCLE] [org.gradle.launcher.daemon.server.DaemonStateCoordinator] Daemon will be stopped at the end of the build stop command received
2024-05-20T17:01:05.120+0300 [DEBUG] [org.gradle.launcher.daemon.server.DaemonStateCoordinator] Marking daemon stopped due to stop command received. The daemon is running a build: false
2024-05-20T17:01:05.120+0300 [DEBUG] [org.gradle.launcher.daemon.server.DaemonRegistryUpdater] Storing daemon stop event: stop command received
2024-05-20T17:01:05.120+0300 [DEBUG] [org.gradle.launcher.daemon.server.DaemonStateCoordinator] daemon has stopped.
2024-05-20T17:01:05.120+0300 [DEBUG] [org.gradle.launcher.daemon.server.SynchronizedDispatchConnection] thread 340: dispatching Success[value=null]
2024-05-20T17:01:05.120+0300 [DEBUG] [org.gradle.launcher.daemon.server.Daemon] stop() called on daemon
2024-05-20T17:01:05.120+0300 [DEBUG] [org.gradle.launcher.daemon.registry.PersistentDaemonRegistry] Storing daemon stop event with timestamp 1716213665120
2024-05-20T17:01:05.120+0300 [INFO] [org.gradle.launcher.daemon.server.Daemon] Stop requested. Daemon is removing its presence from the registry...
2024-05-20T17:01:05.120+0300 [DEBUG] [org.gradle.launcher.daemon.server.DefaultIncomingConnectionHandler] Finishing executing command: StopWhenIdle[id=3cc6b564-bbee-49ea-9c16-e9234f87c556]
2024-05-20T17:01:05.121+0300 [DEBUG] [org.gradle.launcher.daemon.server.SynchronizedDispatchConnection] thread 341: received class org.gradle.launcher.daemon.protocol.Finished
2024-05-20T17:01:05.121+0300 [DEBUG] [org.gradle.launcher.daemon.server.DefaultDaemonConnection] thread 341: Received non-IO message from client: org.gradle.launcher.daemon.protocol.Finished@5db8aa64
2024-05-20T17:01:05.121+0300 [DEBUG] [org.gradle.launcher.daemon.server.DaemonRegistryUpdater] Removing our presence to clients, eg. removing this address from the registry: [4bc3048d-fe68-46f7-b97c-4eee4c9f25f9 port:61056, addresses:[localhost/127.0.0.1]]
2024-05-20T17:01:05.121+0300 [DEBUG] [org.gradle.internal.remote.internal.inet.SocketConnection] Discarding EOFException: java.io.EOFException
2024-05-20T17:01:05.121+0300 [DEBUG] [org.gradle.launcher.daemon.server.SynchronizedDispatchConnection] thread 341: received null
2024-05-20T17:01:05.121+0300 [DEBUG] [org.gradle.launcher.daemon.server.DefaultDaemonConnection] thread 341: Received end-of-input from client.
2024-05-20T17:01:05.121+0300 [DEBUG] [org.gradle.launcher.daemon.server.DefaultIncomingConnectionHandler] Received finished message: org.gradle.launcher.daemon.protocol.Finished@5db8aa64
2024-05-20T17:01:05.121+0300 [DEBUG] [org.gradle.cache.internal.DefaultFileLockManager] Waiting to acquire exclusive lock on daemon addresses registry.
2024-05-20T17:01:05.122+0300 [DEBUG] [org.gradle.launcher.daemon.server.SynchronizedDispatchConnection] thread 340: stopping connection
2024-05-20T17:01:05.122+0300 [DEBUG] [org.gradle.cache.internal.DefaultFileLockManager] Lock acquired on daemon addresses registry.
2024-05-20T17:01:05.123+0300 [DEBUG] [org.gradle.launcher.daemon.server.SynchronizedDispatchConnection] thread 340: stopping connection
2024-05-20T17:01:05.124+0300 [DEBUG] [org.gradle.cache.internal.DefaultFileLockManager] Releasing lock on daemon addresses registry.
2024-05-20T17:01:05.125+0300 [DEBUG] [org.gradle.launcher.daemon.server.SynchronizedDispatchConnection] thread 342: dispatching Success[value=null]
2024-05-20T17:01:05.125+0300 [DEBUG] [org.gradle.launcher.daemon.registry.PersistentDaemonRegistry] Removing daemon address: [4bc3048d-fe68-46f7-b97c-4eee4c9f25f9 port:61056, addresses:[localhost/127.0.0.1]]
2024-05-20T17:01:05.125+0300 [DEBUG] [org.gradle.launcher.daemon.server.DefaultIncomingConnectionHandler] Finishing executing command: StopWhenIdle[id=02a0bd5b-4275-4ae6-b32e-202491d40c9e]
2024-05-20T17:01:05.125+0300 [DEBUG] [org.gradle.launcher.daemon.server.SynchronizedDispatchConnection] thread 343: received class org.gradle.launcher.daemon.protocol.Finished
2024-05-20T17:01:05.125+0300 [DEBUG] [org.gradle.launcher.daemon.server.DefaultDaemonConnection] thread 343: Received non-IO message from client: org.gradle.launcher.daemon.protocol.Finished@57c3a0eb
2024-05-20T17:01:05.126+0300 [DEBUG] [org.gradle.internal.remote.internal.inet.SocketConnection] Discarding EOFException: java.io.EOFException
2024-05-20T17:01:05.126+0300 [DEBUG] [org.gradle.launcher.daemon.server.SynchronizedDispatchConnection] thread 343: received null
2024-05-20T17:01:05.126+0300 [DEBUG] [org.gradle.launcher.daemon.server.DefaultIncomingConnectionHandler] Received finished message: org.gradle.launcher.daemon.protocol.Finished@57c3a0eb
2024-05-20T17:01:05.126+0300 [DEBUG] [org.gradle.launcher.daemon.server.DefaultDaemonConnection] thread 343: Received end-of-input from client.
2024-05-20T17:01:05.126+0300 [DEBUG] [org.gradle.launcher.daemon.server.SynchronizedDispatchConnection] thread 342: stopping connection
2024-05-20T17:01:05.127+0300 [DEBUG] [org.gradle.cache.internal.DefaultFileLockManager] Waiting to acquire exclusive lock on daemon addresses registry.
2024-05-20T17:01:05.127+0300 [DEBUG] [org.gradle.cache.internal.DefaultFileLockManager] Lock acquired on daemon addresses registry.
2024-05-20T17:01:05.128+0300 [DEBUG] [org.gradle.launcher.daemon.server.SynchronizedDispatchConnection] thread 342: stopping connection
2024-05-20T17:01:05.129+0300 [DEBUG] [org.gradle.cache.internal.DefaultFileLockManager] Releasing lock on daemon addresses registry.
2024-05-20T17:01:05.130+0300 [DEBUG] [org.gradle.launcher.daemon.server.DaemonRegistryUpdater] Address removed from registry.
2024-05-20T17:01:05.133+0300 [DEBUG] [org.gradle.cache.internal.LockOnDemandCrossProcessCacheAccess] Releasing file lock for jars (C:\Users\erdog\AndroidStudioProjects\weather-app\weather-app\gradle\caches\jars-9)
2024-05-20T17:01:05.133+0300 [DEBUG] [org.gradle.cache.internal.DefaultFileLockManager] Releasing lock on jars (C:\Users\erdog\AndroidStudioProjects\weather-app\weather-app\gradle\caches\jars-9).
2024-05-20T17:01:05.159+0300 [DEBUG] [org.gradle.cache.internal.LockOnDemandCrossProcessCacheAccess] Releasing file lock for file content cache (C:\Users\erdog\AndroidStudioProjects\weather-app\weather-app\gradle\caches\7.2\fileContent)
2024-05-20T17:01:05.159+0300 [DEBUG] [org.gradle.cache.internal.DefaultFileLockManager] Releasing lock on file content cache (C:\Users\erdog\AndroidStudioProjects\weather-app\weather-app\gradle\caches\7.2\fileContent).
2024-05-20T17:01:05.162+0300 [DEBUG] [org.gradle.internal.watch.registry.impl.DefaultFileWatcherRegistry] Finished listening to file system change events
2024-05-20T17:01:05.162+0300 [DEBUG] [org.gradle.cache.internal.LockOnDemandCrossProcessCacheAccess] Releasing file lock for Artifact transforms cache (C:\Users\erdog\AndroidStudioProjects\weather-app\weather-app\gradle\caches\transforms-3)
2024-05-20T17:01:05.162+0300 [DEBUG] [org.gradle.cache.internal.DefaultFileLockManager] Releasing lock on Artifact transforms cache (C:\Users\erdog\AndroidStudioProjects\weather-app\weather-app\gradle\caches\transforms-3).
2024-05-20T17:01:05.164+0300 [DEBUG] [org.gradle.cache.internal.LockOnDemandCrossProcessCacheAccess] Releasing file lock for artifact cache (C:\Users\erdog\AndroidStudioProjects\weather-app\weather-app\gradle\caches\modules-2)
2024-05-20T17:01:05.164+0300 [DEBUG] [org.gradle.cache.internal.btree.BTreePersistentIndexedCache] Closing cache module-metadata.bin (C:\Users\erdog\AndroidStudioProjects\weather-app\weather-app\gradle\caches\modules-2\metadata-2.97\module-metadata.bin)
2024-05-20T17:01:05.164+0300 [DEBUG] [org.gradle.cache.internal.btree.BTreePersistentIndexedCache] Closing cache module-artifact.bin (C:\Users\erdog\AndroidStudioProjects\weather-app\weather-app\gradle\caches\modules-2\metadata-2.97\module-artifact.bin)
2024-05-20T17:01:05.165+0300 [DEBUG] [org.gradle.cache.internal.btree.BTreePersistentIndexedCache] Closing cache module-artifacts.bin (C:\Users\erdog\AndroidStudioProjects\weather-app\weather-app\gradle\caches\modules-2\metadata-2.97\module-artifacts.bin)
2024-05-20T17:01:05.165+0300 [DEBUG] [org.gradle.cache.internal.btree.BTreePersistentIndexedCache] Closing cache resource-at-url.bin (C:\Users\erdog\AndroidStudioProjects\weather-app\weather-app\gradle\caches\modules-2\metadata-2.97\resource-at-url.bin)
2024-05-20T17:01:05.165+0300 [DEBUG] [org.gradle.cache.internal.DefaultFileLockManager] Releasing lock on artifact cache (C:\Users\erdog\AndroidStudioProjects\weather-app\weather-app\gradle\caches\modules-2).
2024-05-20T17:01:05.167+0300 [DEBUG] [org.gradle.cache.internal.DefaultCacheAccess] Cache Generated Gradle JARs cache (C:\Users\erdog\AndroidStudioProjects\weather-app\weather-app\gradle\caches\7.2\generated-gradle-jars) was closed 0 times.
2024-05-20T17:01:05.167+0300 [DEBUG] [org.gradle.cache.internal.LockOnDemandCrossProcessCacheAccess] Releasing file lock for journal cache (C:\Users\erdog\AndroidStudioProjects\weather-app\weather-app\gradle\caches\journal-1)
2024-05-20T17:01:05.168+0300 [DEBUG] [org.gradle.cache.internal.btree.BTreePersistentIndexedCache] Closing cache file-access.bin (C:\Users\erdog\AndroidStudioProjects\weather-app\weather-app\gradle\caches\journal-1\file-access.bin)
2024-05-20T17:01:05.168+0300 [DEBUG] [org.gradle.cache.internal.DefaultFileLockManager] Releasing lock on journal cache (C:\Users\erdog\AndroidStudioProjects\weather-app\weather-app\gradle\caches\journal-1).
2024-05-20T17:01:05.170+0300 [DEBUG] [org.gradle.cache.internal.LockOnDemandCrossProcessCacheAccess] Releasing file lock for file hash cache (C:\Users\erdog\AndroidStudioProjects\weather-app\weather-app\gradle\caches\7.2\fileHashes)
2024-05-20T17:01:05.170+0300 [DEBUG] [org.gradle.cache.internal.btree.BTreePersistentIndexedCache] Closing cache fileHashes.bin (C:\Users\erdog\AndroidStudioProjects\weather-app\weather-app\gradle\caches\7.2\fileHashes\fileHashes.bin)
2024-05-20T17:01:05.171+0300 [DEBUG] [org.gradle.cache.internal.btree.BTreePersistentIndexedCache] Closing cache resourceHashesCache.bin (C:\Users\erdog\AndroidStudioProjects\weather-app\weather-app\gradle\caches\7.2\fileHashes\resourceHashesCache.bin)
2024-05-20T17:01:05.171+0300 [DEBUG] [org.gradle.cache.internal.DefaultFileLockManager] Releasing lock on file hash cache (C:\Users\erdog\AndroidStudioProjects\weather-app\weather-app\gradle\caches\7.2\fileHashes).
2024-05-20T17:01:05.172+0300 [DEBUG] [org.gradle.cache.internal.LockOnDemandCrossProcessCacheAccess] Releasing file lock for execution history cache (C:\Users\erdog\AndroidStudioProjects\weather-app\weather-app\gradle\caches\7.2\executionHistory)
2024-05-20T17:01:05.172+0300 [DEBUG] [org.gradle.cache.internal.btree.BTreePersistentIndexedCache] Closing cache executionHistory.bin (C:\Users\erdog\AndroidStudioProjects\weather-app\weather-app\gradle\caches\7.2\executionHistory\executionHistory.bin)
2024-05-20T17:01:05.173+0300 [DEBUG] [org.gradle.cache.internal.DefaultFileLockManager] Releasing lock on execution history cache (C:\Users\erdog\AndroidStudioProjects\weather-app\weather-app\gradle\caches\7.2\executionHistory).
2024-05-20T17:01:05.189+0300 [DEBUG] [org.gradle.cache.internal.VersionSpecificCacheCleanupAction] Processed version-specific caches at C:\Users\erdog\AndroidStudioProjects\weather-app\weather-app\gradle\caches for cleanup in 0.013 secs
Daemon vm is shutting down... The daemon has exited normally or was terminated in response to a user interrupt.
2024-05-20T17:01:05.196+0300 [DEBUG] [org.gradle.launcher.daemon.registry.PersistentDaemonRegistry] Removing daemon address: [4bc3048d-fe68-46f7-b97c-4eee4c9f25f9 port:61056, addresses:[localhost/127.0.0.1]]
2024-05-20T17:01:05.197+0300 [DEBUG] [org.gradle.cache.internal.DefaultFileLockManager] Waiting to acquire exclusive lock on daemon addresses registry.
2024-05-20T17:01:05.197+0300 [DEBUG] [org.gradle.cache.internal.DefaultFileLockManager] Lock acquired on daemon addresses registry.
2024-05-20T17:01:05.198+0300 [DEBUG] [org.gradle.cache.internal.DefaultFileLockManager] Releasing lock on daemon addresses registry.
